2023-09-20 15:27:15 [main] INFO  c.d.u.service.UserServiceApplication - Starting UserServiceApplication using Java 17.0.7 with PID 99169 (/home/bjit/Projects/e-learning-platform-spring-boot/user-service/build/classes/java/main started by bjit in /home/bjit/Projects/e-learning-platform-spring-boot)
2023-09-20 15:27:15 [main] INFO  c.d.u.service.UserServiceApplication - No active profile set, falling back to 1 default profile: "default"
2023-09-20 15:27:16 [main] INFO  o.s.d.r.c.RepositoryConfigurationDelegate - Bootstrapping Spring Data JPA repositories in DEFAULT mode.
2023-09-20 15:27:16 [main] INFO  o.s.d.r.c.RepositoryConfigurationDelegate - Finished Spring Data repository scanning in 25 ms. Found 1 JPA repository interfaces.
2023-09-20 15:27:16 [main] INFO  o.s.b.w.e.tomcat.TomcatWebServer - Tomcat initialized with port(s): 8081 (http)
2023-09-20 15:27:16 [main] INFO  o.a.coyote.http11.Http11NioProtocol - Initializing ProtocolHandler ["http-nio-8081"]
2023-09-20 15:27:16 [main] INFO  o.a.catalina.core.StandardService - Starting service [Tomcat]
2023-09-20 15:27:16 [main] INFO  o.a.catalina.core.StandardEngine - Starting Servlet engine: [Apache Tomcat/10.1.12]
2023-09-20 15:27:16 [main] INFO  o.a.c.c.C.[.[.[/user-service] - Initializing Spring embedded WebApplicationContext
2023-09-20 15:27:16 [main] INFO  o.s.b.w.s.c.ServletWebServerApplicationContext - Root WebApplicationContext: initialization completed in 667 ms
2023-09-20 15:27:16 [main] INFO  com.zaxxer.hikari.HikariDataSource - HikariPool-1 - Starting...
2023-09-20 15:27:16 [main] INFO  com.zaxxer.hikari.pool.HikariPool - HikariPool-1 - Added connection conn0: url=jdbc:h2:mem:user-service-db user=ROOT
2023-09-20 15:27:16 [main] INFO  com.zaxxer.hikari.HikariDataSource - HikariPool-1 - Start completed.
2023-09-20 15:27:16 [main] INFO  o.s.b.a.h.H2ConsoleAutoConfiguration - H2 console available at '/h2-console'. Database available at 'jdbc:h2:mem:user-service-db'
2023-09-20 15:27:16 [main] INFO  o.h.jpa.internal.util.LogHelper - HHH000204: Processing PersistenceUnitInfo [name: default]
2023-09-20 15:27:16 [main] INFO  org.hibernate.Version - HHH000412: Hibernate ORM core version 6.2.7.Final
2023-09-20 15:27:16 [main] INFO  org.hibernate.cfg.Environment - HHH000406: Using bytecode reflection optimizer
2023-09-20 15:27:16 [main] INFO  o.h.b.i.BytecodeProviderInitiator - HHH000021: Bytecode provider name : bytebuddy
2023-09-20 15:27:16 [main] INFO  o.s.o.j.p.SpringPersistenceUnitInfo - No LoadTimeWeaver setup: ignoring JPA class transformer
2023-09-20 15:27:16 [main] INFO  o.h.b.i.BytecodeProviderInitiator - HHH000021: Bytecode provider name : bytebuddy
2023-09-20 15:27:17 [main] INFO  o.h.e.t.j.p.i.JtaPlatformInitiator - HHH000490: Using JtaPlatform implementation: [org.hibernate.engine.transaction.jta.platform.internal.NoJtaPlatform]
2023-09-20 15:27:17 [main] INFO  o.s.o.j.LocalContainerEntityManagerFactoryBean - Initialized JPA EntityManagerFactory for persistence unit 'default'
2023-09-20 15:27:17 [main] INFO  o.a.coyote.http11.Http11NioProtocol - Starting ProtocolHandler ["http-nio-8081"]
2023-09-20 15:27:17 [main] INFO  o.s.b.w.e.tomcat.TomcatWebServer - Tomcat started on port(s): 8081 (http) with context path '/user-service'
2023-09-20 15:27:17 [main] INFO  c.d.u.service.UserServiceApplication - Started UserServiceApplication in 2.115 seconds (process running for 2.471)
2023-09-20 15:27:30 [http-nio-8081-exec-2] INFO  o.a.c.c.C.[.[.[/user-service] - Initializing Spring DispatcherServlet 'dispatcherServlet'
2023-09-20 15:27:30 [http-nio-8081-exec-2] INFO  o.s.web.servlet.DispatcherServlet - Initializing Servlet 'dispatcherServlet'
2023-09-20 15:27:30 [http-nio-8081-exec-2] INFO  o.s.web.servlet.DispatcherServlet - Completed initialization in 1 ms
2023-09-20 15:38:07 [SpringApplicationShutdownHook] INFO  o.s.o.j.LocalContainerEntityManagerFactoryBean - Closing JPA EntityManagerFactory for persistence unit 'default'
2023-09-20 15:38:07 [SpringApplicationShutdownHook] INFO  com.zaxxer.hikari.HikariDataSource - HikariPool-1 - Shutdown initiated...
2023-09-20 15:38:07 [SpringApplicationShutdownHook] INFO  com.zaxxer.hikari.HikariDataSource - HikariPool-1 - Shutdown completed.
2023-09-20 15:38:08 [main] INFO  c.d.u.service.UserServiceApplication - Starting UserServiceApplication using Java 17.0.7 with PID 99877 (/home/bjit/Projects/e-learning-platform-spring-boot/user-service/build/classes/java/main started by bjit in /home/bjit/Projects/e-learning-platform-spring-boot)
2023-09-20 15:38:08 [main] INFO  c.d.u.service.UserServiceApplication - No active profile set, falling back to 1 default profile: "default"
2023-09-20 15:38:08 [main] INFO  o.s.d.r.c.RepositoryConfigurationDelegate - Bootstrapping Spring Data JPA repositories in DEFAULT mode.
2023-09-20 15:38:08 [main] INFO  o.s.d.r.c.RepositoryConfigurationDelegate - Finished Spring Data repository scanning in 22 ms. Found 1 JPA repository interfaces.
2023-09-20 15:38:09 [main] INFO  o.s.b.w.e.tomcat.TomcatWebServer - Tomcat initialized with port(s): 8081 (http)
2023-09-20 15:38:09 [main] INFO  o.a.coyote.http11.Http11NioProtocol - Initializing ProtocolHandler ["http-nio-8081"]
2023-09-20 15:38:09 [main] INFO  o.a.catalina.core.StandardService - Starting service [Tomcat]
2023-09-20 15:38:09 [main] INFO  o.a.catalina.core.StandardEngine - Starting Servlet engine: [Apache Tomcat/10.1.12]
2023-09-20 15:38:09 [main] INFO  o.a.c.c.C.[.[.[/user-service] - Initializing Spring embedded WebApplicationContext
2023-09-20 15:38:09 [main] INFO  o.s.b.w.s.c.ServletWebServerApplicationContext - Root WebApplicationContext: initialization completed in 659 ms
2023-09-20 15:38:09 [main] INFO  com.zaxxer.hikari.HikariDataSource - HikariPool-1 - Starting...
2023-09-20 15:38:09 [main] INFO  com.zaxxer.hikari.pool.HikariPool - HikariPool-1 - Added connection conn0: url=jdbc:h2:mem:user-service-db user=ROOT
2023-09-20 15:38:09 [main] INFO  com.zaxxer.hikari.HikariDataSource - HikariPool-1 - Start completed.
2023-09-20 15:38:09 [main] INFO  o.s.b.a.h.H2ConsoleAutoConfiguration - H2 console available at '/h2-console'. Database available at 'jdbc:h2:mem:user-service-db'
2023-09-20 15:38:09 [main] INFO  o.h.jpa.internal.util.LogHelper - HHH000204: Processing PersistenceUnitInfo [name: default]
2023-09-20 15:38:09 [main] INFO  org.hibernate.Version - HHH000412: Hibernate ORM core version 6.2.7.Final
2023-09-20 15:38:09 [main] INFO  org.hibernate.cfg.Environment - HHH000406: Using bytecode reflection optimizer
2023-09-20 15:38:09 [main] INFO  o.h.b.i.BytecodeProviderInitiator - HHH000021: Bytecode provider name : bytebuddy
2023-09-20 15:38:09 [main] INFO  o.s.o.j.p.SpringPersistenceUnitInfo - No LoadTimeWeaver setup: ignoring JPA class transformer
2023-09-20 15:38:09 [main] INFO  o.h.b.i.BytecodeProviderInitiator - HHH000021: Bytecode provider name : bytebuddy
2023-09-20 15:38:10 [main] INFO  o.h.e.t.j.p.i.JtaPlatformInitiator - HHH000490: Using JtaPlatform implementation: [org.hibernate.engine.transaction.jta.platform.internal.NoJtaPlatform]
2023-09-20 15:38:10 [main] INFO  o.s.o.j.LocalContainerEntityManagerFactoryBean - Initialized JPA EntityManagerFactory for persistence unit 'default'
2023-09-20 15:38:10 [main] INFO  o.a.coyote.http11.Http11NioProtocol - Starting ProtocolHandler ["http-nio-8081"]
2023-09-20 15:38:10 [main] INFO  o.s.b.w.e.tomcat.TomcatWebServer - Tomcat started on port(s): 8081 (http) with context path '/user-service'
2023-09-20 15:38:10 [main] INFO  c.d.u.service.UserServiceApplication - Started UserServiceApplication in 2.143 seconds (process running for 2.611)
2023-09-20 15:38:12 [http-nio-8081-exec-2] INFO  o.a.c.c.C.[.[.[/user-service] - Initializing Spring DispatcherServlet 'dispatcherServlet'
2023-09-20 15:38:12 [http-nio-8081-exec-2] INFO  o.s.web.servlet.DispatcherServlet - Initializing Servlet 'dispatcherServlet'
2023-09-20 15:38:12 [http-nio-8081-exec-2] INFO  o.s.web.servlet.DispatcherServlet - Completed initialization in 1 ms
2023-09-20 15:38:23 [SpringApplicationShutdownHook] INFO  o.s.o.j.LocalContainerEntityManagerFactoryBean - Closing JPA EntityManagerFactory for persistence unit 'default'
2023-09-20 15:38:23 [SpringApplicationShutdownHook] INFO  com.zaxxer.hikari.HikariDataSource - HikariPool-1 - Shutdown initiated...
2023-09-20 15:38:23 [SpringApplicationShutdownHook] INFO  com.zaxxer.hikari.HikariDataSource - HikariPool-1 - Shutdown completed.
